<?xml version="1.0" encoding="UTF-8"?>
<coverage generated="1652505836">
  <project timestamp="1652505836">
    <file name="src/Core/Domain/Entity/Category.php">
      <class name="Core\Domain\Entity\Category" namespace="global">
        <metrics complexity="7" methods="5" coveredmethods="5" conditionals="0" coveredconditionals="0" statements="13" coveredstatements="13" elements="18" coveredelements="18"/>
      </class>
      <line num="22" type="method" name="__construct" visibility="public" complexity="3" crap="3" count="6"/>
      <line num="29" type="stmt" count="6"/>
      <line num="30" type="stmt" count="6"/>
      <line num="32" type="stmt" count="6"/>
      <line num="35" type="method" name="active" visibility="public" complexity="1" crap="1" count="1"/>
      <line num="37" type="stmt" count="1"/>
      <line num="40" type="method" name="disable" visibility="public" complexity="1" crap="1" count="1"/>
      <line num="42" type="stmt" count="1"/>
      <line num="45" type="method" name="update" visibility="public" complexity="1" crap="1" count="1"/>
      <line num="47" type="stmt" count="1"/>
      <line num="48" type="stmt" count="1"/>
      <line num="50" type="stmt" count="1"/>
      <line num="56" type="method" name="validate" visibility="private" complexity="1" crap="1" count="6"/>
      <line num="58" type="stmt" count="6"/>
      <line num="59" type="stmt" count="6"/>
      <line num="60" type="stmt" count="5"/>
      <line num="61" type="stmt" count="5"/>
      <metrics loc="64" ncloc="58" classes="1" methods="5" coveredmethods="5" conditionals="0" coveredconditionals="0" statements="13" coveredstatements="13" elements="18" coveredelements="18"/>
    </file>
    <file name="src/Core/Domain/Entity/Traits/MethodsMagicsTrait.php">
      <class name="Core\Domain\Entity\Traits\MethodsMagicsTrait" namespace="global">
        <metrics complexity="4" methods="3" coveredmethods="2" conditionals="0" coveredconditionals="0" statements="6" coveredstatements="4" elements="9" coveredelements="6"/>
      </class>
      <line num="9" type="method" name="__get" visibility="public" complexity="2" crap="2.50" count="4"/>
      <line num="11" type="stmt" count="4"/>
      <line num="12" type="stmt" count="4"/>
      <line num="15" type="stmt" count="0"/>
      <line num="16" type="stmt" count="0"/>
      <line num="19" type="method" name="id" visibility="public" complexity="1" crap="1" count="2"/>
      <line num="21" type="stmt" count="2"/>
      <line num="24" type="method" name="createdAt" visibility="public" complexity="1" crap="1" count="1"/>
      <line num="26" type="stmt" count="1"/>
      <metrics loc="29" ncloc="29" classes="1" methods="3" coveredmethods="2" conditionals="0" coveredconditionals="0" statements="6" coveredstatements="4" elements="9" coveredelements="6"/>
    </file>
    <file name="src/Core/Domain/Exception/EntityValidationException.php">
      <class name="Core\Domain\Exception\EntityValidationException" namespace="global">
        <metrics complexity="0" methods="0" coveredmethods="0" conditionals="0" coveredconditionals="0" statements="0" coveredstatements="0" elements="0" coveredelements="0"/>
      </class>
      <metrics loc="10" ncloc="10" classes="0" methods="0" coveredmethods="0" conditionals="0" coveredconditionals="0" statements="0" coveredstatements="0" elements="0" coveredelements="0"/>
    </file>
    <file name="src/Core/Domain/Repository/CategoryRepositoryInterface.php">
      <metrics loc="17" ncloc="17" classes="0" methods="0" coveredmethods="0" conditionals="0" coveredconditionals="0" statements="0" coveredstatements="0" elements="0" coveredelements="0"/>
    </file>
    <file name="src/Core/Domain/Validation/DomainValidation.php">
      <class name="Core\Domain\Validation\DomainValidation" namespace="global">
        <metrics complexity="9" methods="4" coveredmethods="4" conditionals="0" coveredconditionals="0" statements="8" coveredstatements="8" elements="12" coveredelements="12"/>
      </class>
      <line num="9" type="method" name="notNull" visibility="public" complexity="2" crap="2" count="10"/>
      <line num="11" type="stmt" count="10"/>
      <line num="12" type="stmt" count="3"/>
      <line num="16" type="method" name="strMaxLenght" visibility="public" complexity="2" crap="2" count="10"/>
      <line num="18" type="stmt" count="10"/>
      <line num="19" type="stmt" count="2"/>
      <line num="23" type="method" name="strMinLenght" visibility="public" complexity="2" crap="2" count="11"/>
      <line num="25" type="stmt" count="11"/>
      <line num="26" type="stmt" count="5"/>
      <line num="30" type="method" name="strCanNullAndMaxLenght" visibility="public" complexity="3" crap="3" count="10"/>
      <line num="32" type="stmt" count="10"/>
      <line num="33" type="stmt" count="3"/>
      <metrics loc="37" ncloc="37" classes="1" methods="4" coveredmethods="4" conditionals="0" coveredconditionals="0" statements="8" coveredstatements="8" elements="12" coveredelements="12"/>
    </file>
    <file name="src/Core/Domain/ValueObject/Uuid.php">
      <class name="Core\Domain\ValueObject\Uuid" namespace="global">
        <metrics complexity="5" methods="4" coveredmethods="3" conditionals="0" coveredconditionals="0" statements="6" coveredstatements="5" elements="10" coveredelements="8"/>
      </class>
      <line num="10" type="method" name="__construct" visibility="public" complexity="1" crap="1" count="6"/>
      <line num="13" type="stmt" count="6"/>
      <line num="16" type="method" name="random" visibility="public" complexity="1" crap="1" count="5"/>
      <line num="18" type="stmt" count="5"/>
      <line num="21" type="method" name="__toString" visibility="public" complexity="1" crap="1" count="2"/>
      <line num="23" type="stmt" count="2"/>
      <line num="26" type="method" name="ensureIsValid" visibility="private" complexity="2" crap="2.50" count="6"/>
      <line num="28" type="stmt" count="6"/>
      <line num="29" type="stmt" count="0"/>
      <metrics loc="33" ncloc="33" classes="1" methods="4" coveredmethods="3" conditionals="0" coveredconditionals="0" statements="6" coveredstatements="5" elements="10" coveredelements="8"/>
    </file>
    <metrics files="6" loc="190" ncloc="184" classes="4" methods="16" coveredmethods="14" conditionals="0" coveredconditionals="0" statements="33" coveredstatements="30" elements="49" coveredelements="44"/>
  </project>
</coverage>
